<?xml version="1.0" encoding="UTF-8"?>
<testng-results skipped="0" failed="1" total="1" passed="0">
  <reporter-output>
  </reporter-output>
  <suite name="Default suite" duration-ms="51768" started-at="2017-06-08T10:21:39Z" finished-at="2017-06-08T10:22:30Z">
    <groups>
    </groups>
    <test name="Default test" duration-ms="51768" started-at="2017-06-08T10:21:39Z" finished-at="2017-06-08T10:22:30Z">
      <class name="samples.JioTest">
        <test-method status="FAIL" signature="gekTest()[pri:0, instance:samples.JioTest@39fb3ab6]" name="gekTest" duration-ms="51617" started-at="2017-06-08T15:51:39Z" finished-at="2017-06-08T15:52:30Z">
          <exception class="org.openqa.selenium.WebDriverException">
            <message>
              <![CDATA[Failed to connect to binary FirefoxBinary(C:\Program Files (x86)\Mozilla Firefox\firefox.exe) on port 7055; process output follows: 
rue,"userDisabled":false,"appDisabled":false,"descriptor":"C:\\Program Files (x86)\\Mozilla Firefox\\browser\\extensions\\{972ce4c6-7e08-4474-a285-3208198ce6fd}.xpi","installDate":1492614980545,"updateDate":1492614980545,"applyBackgroundUpdates":1,"skinnable":true,"size":8201,"sourceURI":null,"releaseNotesURI":null,"softDisabled":false,"foreignInstall":false,"hasBinaryComponents":false,"strictCompatibility":true,"locales":[],"targetApplications":[{"id":"{ec8030f7-c20a-464f-9b0e-13a3a9e97384}","minVersion":"53.0","maxVersion":"53.0"}],"targetPlatforms":[],"seen":true,"dependencies":[],"hasEmbeddedWebExtension":false,"userPermissions":null}
1496917305749	addons.xpi	DEBUG	getModTime: Recursive scan of {972ce4c6-7e08-4474-a285-3208198ce6fd}
1496917305750	DeferredSave.extensions.json	DEBUG	Save changes
1496917305750	addons.xpi	DEBUG	Updating database with changes to installed add-ons
1496917305750	addons.xpi-utils	DEBUG	Updating add-on states
1496917305752	addons.xpi-utils	DEBUG	Writing add-ons list
1496917305754	addons.xpi	DEBUG	Registering manifest for C:\Program Files (x86)\Mozilla Firefox\browser\features\aushelper@mozilla.org.xpi
1496917305755	addons.xpi	DEBUG	Calling bootstrap method startup on aushelper@mozilla.org version 2.0
1496917305757	addons.xpi	DEBUG	Registering manifest for C:\Program Files (x86)\Mozilla Firefox\browser\features\e10srollout@mozilla.org.xpi
1496917305758	addons.xpi	DEBUG	Calling bootstrap method startup on e10srollout@mozilla.org version 1.14
1496917305759	addons.xpi	DEBUG	Registering manifest for C:\Program Files (x86)\Mozilla Firefox\browser\features\firefox@getpocket.com.xpi
1496917305759	addons.xpi	DEBUG	Calling bootstrap method startup on firefox@getpocket.com version 1.0.5
1496917305761	addons.xpi	DEBUG	Registering manifest for C:\Program Files (x86)\Mozilla Firefox\browser\features\webcompat@mozilla.org.xpi
1496917305762	addons.xpi	DEBUG	Calling bootstrap method startup on webcompat@mozilla.org version 1.0
1496917305765	addons.manager	DEBUG	Registering shutdown blocker for XPIProvider
1496917305766	addons.manager	DEBUG	Provider finished startup: XPIProvider
1496917305766	addons.manager	DEBUG	Starting provider: LightweightThemeManager
1496917305766	addons.manager	DEBUG	Registering shutdown blocker for LightweightThemeManager
1496917305766	addons.manager	DEBUG	Provider finished startup: LightweightThemeManager
1496917305767	addons.manager	DEBUG	Starting provider: GMPProvider
1496917305772	addons.manager	DEBUG	Registering shutdown blocker for GMPProvider
1496917305772	addons.manager	DEBUG	Provider finished startup: GMPProvider
1496917305773	addons.manager	DEBUG	Starting provider: PluginProvider
1496917305773	addons.manager	DEBUG	Registering shutdown blocker for PluginProvider
1496917305773	addons.manager	DEBUG	Provider finished startup: PluginProvider
1496917305774	addons.manager	DEBUG	Completed startup sequence
1496917308981	addons.manager	DEBUG	Starting provider: <unnamed-provider>
1496917308981	addons.manager	DEBUG	Registering shutdown blocker for <unnamed-provider>
1496917308982	addons.manager	DEBUG	Provider finished startup: <unnamed-provider>
1496917309962	DeferredSave.extensions.json	DEBUG	Write succeeded
1496917309962	addons.xpi-utils	DEBUG	XPI Database saved, setting schema version preference to 19
1496917309963	DeferredSave.extensions.json	DEBUG	Starting timer
1496917309982	addons.repository	DEBUG	No addons.json found.
1496917309984	DeferredSave.addons.json	DEBUG	Save changes
1496917310005	DeferredSave.addons.json	DEBUG	Starting timer
1496917310286	addons.manager	DEBUG	Starting provider: PreviousExperimentProvider
1496917310287	addons.manager	DEBUG	Registering shutdown blocker for PreviousExperimentProvider
1496917310287	addons.manager	DEBUG	Provider finished startup: PreviousExperimentProvider
1496917310293	DeferredSave.extensions.json	DEBUG	Starting write
1496917310295	DeferredSave.addons.json	DEBUG	Starting write
1496917310543	DeferredSave.extensions.json	DEBUG	Write succeeded
1496917310548	DeferredSave.addons.json	DEBUG	Write succeeded

Build info: version: '2.53.1', revision: 'a36b8b1', time: '2016-06-30 17:37:03'
System info: host: 'support5', ip: '169.254.238.198', os.name: 'Windows 7', os.arch: 'amd64', os.version: '6.1', java.version: '1.8.0_40'
Driver info: driver.version: FirefoxDriver]]>
            </message>
            <full-stacktrace>
              <![CDATA[org.openqa.selenium.WebDriverException: Failed to connect to binary FirefoxBinary(C:\Program Files (x86)\Mozilla Firefox\firefox.exe) on port 7055; process output follows: 
rue,"userDisabled":false,"appDisabled":false,"descriptor":"C:\\Program Files (x86)\\Mozilla Firefox\\browser\\extensions\\{972ce4c6-7e08-4474-a285-3208198ce6fd}.xpi","installDate":1492614980545,"updateDate":1492614980545,"applyBackgroundUpdates":1,"skinnable":true,"size":8201,"sourceURI":null,"releaseNotesURI":null,"softDisabled":false,"foreignInstall":false,"hasBinaryComponents":false,"strictCompatibility":true,"locales":[],"targetApplications":[{"id":"{ec8030f7-c20a-464f-9b0e-13a3a9e97384}","minVersion":"53.0","maxVersion":"53.0"}],"targetPlatforms":[],"seen":true,"dependencies":[],"hasEmbeddedWebExtension":false,"userPermissions":null}
1496917305749	addons.xpi	DEBUG	getModTime: Recursive scan of {972ce4c6-7e08-4474-a285-3208198ce6fd}
1496917305750	DeferredSave.extensions.json	DEBUG	Save changes
1496917305750	addons.xpi	DEBUG	Updating database with changes to installed add-ons
1496917305750	addons.xpi-utils	DEBUG	Updating add-on states
1496917305752	addons.xpi-utils	DEBUG	Writing add-ons list
1496917305754	addons.xpi	DEBUG	Registering manifest for C:\Program Files (x86)\Mozilla Firefox\browser\features\aushelper@mozilla.org.xpi
1496917305755	addons.xpi	DEBUG	Calling bootstrap method startup on aushelper@mozilla.org version 2.0
1496917305757	addons.xpi	DEBUG	Registering manifest for C:\Program Files (x86)\Mozilla Firefox\browser\features\e10srollout@mozilla.org.xpi
1496917305758	addons.xpi	DEBUG	Calling bootstrap method startup on e10srollout@mozilla.org version 1.14
1496917305759	addons.xpi	DEBUG	Registering manifest for C:\Program Files (x86)\Mozilla Firefox\browser\features\firefox@getpocket.com.xpi
1496917305759	addons.xpi	DEBUG	Calling bootstrap method startup on firefox@getpocket.com version 1.0.5
1496917305761	addons.xpi	DEBUG	Registering manifest for C:\Program Files (x86)\Mozilla Firefox\browser\features\webcompat@mozilla.org.xpi
1496917305762	addons.xpi	DEBUG	Calling bootstrap method startup on webcompat@mozilla.org version 1.0
1496917305765	addons.manager	DEBUG	Registering shutdown blocker for XPIProvider
1496917305766	addons.manager	DEBUG	Provider finished startup: XPIProvider
1496917305766	addons.manager	DEBUG	Starting provider: LightweightThemeManager
1496917305766	addons.manager	DEBUG	Registering shutdown blocker for LightweightThemeManager
1496917305766	addons.manager	DEBUG	Provider finished startup: LightweightThemeManager
1496917305767	addons.manager	DEBUG	Starting provider: GMPProvider
1496917305772	addons.manager	DEBUG	Registering shutdown blocker for GMPProvider
1496917305772	addons.manager	DEBUG	Provider finished startup: GMPProvider
1496917305773	addons.manager	DEBUG	Starting provider: PluginProvider
1496917305773	addons.manager	DEBUG	Registering shutdown blocker for PluginProvider
1496917305773	addons.manager	DEBUG	Provider finished startup: PluginProvider
1496917305774	addons.manager	DEBUG	Completed startup sequence
1496917308981	addons.manager	DEBUG	Starting provider: <unnamed-provider>
1496917308981	addons.manager	DEBUG	Registering shutdown blocker for <unnamed-provider>
1496917308982	addons.manager	DEBUG	Provider finished startup: <unnamed-provider>
1496917309962	DeferredSave.extensions.json	DEBUG	Write succeeded
1496917309962	addons.xpi-utils	DEBUG	XPI Database saved, setting schema version preference to 19
1496917309963	DeferredSave.extensions.json	DEBUG	Starting timer
1496917309982	addons.repository	DEBUG	No addons.json found.
1496917309984	DeferredSave.addons.json	DEBUG	Save changes
1496917310005	DeferredSave.addons.json	DEBUG	Starting timer
1496917310286	addons.manager	DEBUG	Starting provider: PreviousExperimentProvider
1496917310287	addons.manager	DEBUG	Registering shutdown blocker for PreviousExperimentProvider
1496917310287	addons.manager	DEBUG	Provider finished startup: PreviousExperimentProvider
1496917310293	DeferredSave.extensions.json	DEBUG	Starting write
1496917310295	DeferredSave.addons.json	DEBUG	Starting write
1496917310543	DeferredSave.extensions.json	DEBUG	Write succeeded
1496917310548	DeferredSave.addons.json	DEBUG	Write succeeded

Build info: version: '2.53.1', revision: 'a36b8b1', time: '2016-06-30 17:37:03'
System info: host: 'support5', ip: '169.254.238.198', os.name: 'Windows 7', os.arch: 'amd64', os.version: '6.1', java.version: '1.8.0_40'
Driver info: driver.version: FirefoxDriver
	at org.openqa.selenium.firefox.internal.NewProfileExtensionConnection.start(NewProfileExtensionConnection.java:124)
	at org.openqa.selenium.firefox.FirefoxDriver.startClient(FirefoxDriver.java:271)
	at org.openqa.selenium.remote.RemoteWebDriver.<init>(RemoteWebDriver.java:119)
	at org.openqa.selenium.firefox.FirefoxDriver.<init>(FirefoxDriver.java:218)
	at org.openqa.selenium.firefox.FirefoxDriver.<init>(FirefoxDriver.java:211)
	at org.openqa.selenium.firefox.FirefoxDriver.<init>(FirefoxDriver.java:207)
	at org.openqa.selenium.firefox.FirefoxDriver.<init>(FirefoxDriver.java:120)
	at samples.JioTest.gekTest(JioTest.java:13)
	at sun.reflect.NativeMethodAccessorImpl.invoke0(Native Method)
	at sun.reflect.NativeMethodAccessorImpl.invoke(Unknown Source)
	at sun.reflect.DelegatingMethodAccessorImpl.invoke(Unknown Source)
	at java.lang.reflect.Method.invoke(Unknown Source)
	at org.testng.internal.MethodInvocationHelper.invokeMethod(MethodInvocationHelper.java:85)
	at org.testng.internal.Invoker.invokeMethod(Invoker.java:639)
	at org.testng.internal.Invoker.invokeTestMethod(Invoker.java:816)
	at org.testng.internal.Invoker.invokeTestMethods(Invoker.java:1124)
	at org.testng.internal.TestMethodWorker.invokeTestMethods(TestMethodWorker.java:125)
	at org.testng.internal.TestMethodWorker.run(TestMethodWorker.java:108)
	at org.testng.TestRunner.privateRun(TestRunner.java:774)
	at org.testng.TestRunner.run(TestRunner.java:624)
	at org.testng.SuiteRunner.runTest(SuiteRunner.java:359)
	at org.testng.SuiteRunner.runSequentially(SuiteRunner.java:354)
	at org.testng.SuiteRunner.privateRun(SuiteRunner.java:312)
	at org.testng.SuiteRunner.run(SuiteRunner.java:261)
	at org.testng.SuiteRunnerWorker.runSuite(SuiteRunnerWorker.java:52)
	at org.testng.SuiteRunnerWorker.run(SuiteRunnerWorker.java:86)
	at org.testng.TestNG.runSuitesSequentially(TestNG.java:1215)
	at org.testng.TestNG.runSuitesLocally(TestNG.java:1140)
	at org.testng.TestNG.run(TestNG.java:1048)
	at org.testng.remote.AbstractRemoteTestNG.run(AbstractRemoteTestNG.java:132)
	at org.testng.remote.RemoteTestNG.initAndRun(RemoteTestNG.java:230)
	at org.testng.remote.RemoteTestNG.main(RemoteTestNG.java:76)
Caused by: org.openqa.selenium.firefox.NotConnectedException: Unable to connect to host 127.0.0.1 on port 7055 after 45000 ms. Firefox console output:
rue,"userDisabled":false,"appDisabled":false,"descriptor":"C:\\Program Files (x86)\\Mozilla Firefox\\browser\\extensions\\{972ce4c6-7e08-4474-a285-3208198ce6fd}.xpi","installDate":1492614980545,"updateDate":1492614980545,"applyBackgroundUpdates":1,"skinnable":true,"size":8201,"sourceURI":null,"releaseNotesURI":null,"softDisabled":false,"foreignInstall":false,"hasBinaryComponents":false,"strictCompatibility":true,"locales":[],"targetApplications":[{"id":"{ec8030f7-c20a-464f-9b0e-13a3a9e97384}","minVersion":"53.0","maxVersion":"53.0"}],"targetPlatforms":[],"seen":true,"dependencies":[],"hasEmbeddedWebExtension":false,"userPermissions":null}
1496917305749	addons.xpi	DEBUG	getModTime: Recursive scan of {972ce4c6-7e08-4474-a285-3208198ce6fd}
1496917305750	DeferredSave.extensions.json	DEBUG	Save changes
1496917305750	addons.xpi	DEBUG	Updating database with changes to installed add-ons
1496917305750	addons.xpi-utils	DEBUG	Updating add-on states
1496917305752	addons.xpi-utils	DEBUG	Writing add-ons list
1496917305754	addons.xpi	DEBUG	Registering manifest for C:\Program Files (x86)\Mozilla Firefox\browser\features\aushelper@mozilla.org.xpi
1496917305755	addons.xpi	DEBUG	Calling bootstrap method startup on aushelper@mozilla.org version 2.0
1496917305757	addons.xpi	DEBUG	Registering manifest for C:\Program Files (x86)\Mozilla Firefox\browser\features\e10srollout@mozilla.org.xpi
1496917305758	addons.xpi	DEBUG	Calling bootstrap method startup on e10srollout@mozilla.org version 1.14
1496917305759	addons.xpi	DEBUG	Registering manifest for C:\Program Files (x86)\Mozilla Firefox\browser\features\firefox@getpocket.com.xpi
1496917305759	addons.xpi	DEBUG	Calling bootstrap method startup on firefox@getpocket.com version 1.0.5
1496917305761	addons.xpi	DEBUG	Registering manifest for C:\Program Files (x86)\Mozilla Firefox\browser\features\webcompat@mozilla.org.xpi
1496917305762	addons.xpi	DEBUG	Calling bootstrap method startup on webcompat@mozilla.org version 1.0
1496917305765	addons.manager	DEBUG	Registering shutdown blocker for XPIProvider
1496917305766	addons.manager	DEBUG	Provider finished startup: XPIProvider
1496917305766	addons.manager	DEBUG	Starting provider: LightweightThemeManager
1496917305766	addons.manager	DEBUG	Registering shutdown blocker for LightweightThemeManager
1496917305766	addons.manager	DEBUG	Provider finished startup: LightweightThemeManager
1496917305767	addons.manager	DEBUG	Starting provider: GMPProvider
1496917305772	addons.manager	DEBUG	Registering shutdown blocker for GMPProvider
1496917305772	addons.manager	DEBUG	Provider finished startup: GMPProvider
1496917305773	addons.manager	DEBUG	Starting provider: PluginProvider
1496917305773	addons.manager	DEBUG	Registering shutdown blocker for PluginProvider
1496917305773	addons.manager	DEBUG	Provider finished startup: PluginProvider
1496917305774	addons.manager	DEBUG	Completed startup sequence
1496917308981	addons.manager	DEBUG	Starting provider: <unnamed-provider>
1496917308981	addons.manager	DEBUG	Registering shutdown blocker for <unnamed-provider>
1496917308982	addons.manager	DEBUG	Provider finished startup: <unnamed-provider>
1496917309962	DeferredSave.extensions.json	DEBUG	Write succeeded
1496917309962	addons.xpi-utils	DEBUG	XPI Database saved, setting schema version preference to 19
1496917309963	DeferredSave.extensions.json	DEBUG	Starting timer
1496917309982	addons.repository	DEBUG	No addons.json found.
1496917309984	DeferredSave.addons.json	DEBUG	Save changes
1496917310005	DeferredSave.addons.json	DEBUG	Starting timer
1496917310286	addons.manager	DEBUG	Starting provider: PreviousExperimentProvider
1496917310287	addons.manager	DEBUG	Registering shutdown blocker for PreviousExperimentProvider
1496917310287	addons.manager	DEBUG	Provider finished startup: PreviousExperimentProvider
1496917310293	DeferredSave.extensions.json	DEBUG	Starting write
1496917310295	DeferredSave.addons.json	DEBUG	Starting write
1496917310543	DeferredSave.extensions.json	DEBUG	Write succeeded
1496917310548	DeferredSave.addons.json	DEBUG	Write succeeded

	at org.openqa.selenium.firefox.internal.NewProfileExtensionConnection.start(NewProfileExtensionConnection.java:112)
	... 31 more
]]>
            </full-stacktrace>
          </exception> <!-- org.openqa.selenium.WebDriverException -->
          <reporter-output>
          </reporter-output>
        </test-method> <!-- gekTest -->
      </class> <!-- samples.JioTest -->
    </test> <!-- Default test -->
  </suite> <!-- Default suite -->
</testng-results>
